# JRE version: Java(TM) SE Runtime Environment (8.0_101-b13) (build 1.8.0_101-b13)
# Java VM: Java HotSpot(TM) 64-Bit Server VM (25.101-b13 mixed mode linux-amd64 compressed oops)
Heap:
 PSYoungGen      total 66048K, used 55581K [0x00000000d9200000, 0x00000000dd700000, 0x0000000100000000)
  eden space 61440K, 82% used [0x00000000d9200000,0x00000000dc3c8bd8,0x00000000dce00000)
  from space 4608K, 99% used [0x00000000dd280000,0x00000000dd6fe8f0,0x00000000dd700000)
  to   space 4608K, 0% used [0x00000000dce00000,0x00000000dce00000,0x00000000dd280000)
 ParOldGen       total 80896K, used 2035K [0x000000008b600000, 0x0000000090500000, 0x00000000d9200000)
  object space 80896K, 2% used [0x000000008b600000,0x000000008b7fcd60,0x0000000090500000)
 Metaspace       used 15220K, capacity 15596K, committed 15872K, reserved 1062912K
  class space    used 1869K, capacity 1988K, committed 2048K, reserved 1048576K
GC Heap History (4 events):
Event: 1,133 GC heap before
{Heap before GC invocations=1 (full 0):
 PSYoungGen      total 35328K, used 30720K [0x00000000d9200000, 0x00000000db900000, 0x0000000100000000)
  eden space 30720K, 100% used [0x00000000d9200000,0x00000000db000000,0x00000000db000000)
  from space 4608K, 0% used [0x00000000db480000,0x00000000db480000,0x00000000db900000)
  to   space 4608K, 0% used [0x00000000db000000,0x00000000db000000,0x00000000db480000)
 ParOldGen       total 80896K, used 0K [0x000000008b600000, 0x0000000090500000, 0x00000000d9200000)
  object space 80896K, 0% used [0x000000008b600000,0x000000008b600000,0x0000000090500000)
 Metaspace       used 7667K, capacity 7824K, committed 7936K, reserved 1056768K
  class space    used 956K, capacity 1016K, committed 1024K, reserved 1048576K
Event: 1,149 GC heap after
Heap after GC invocations=1 (full 0):
 PSYoungGen      total 35328K, used 4473K [0x00000000d9200000, 0x00000000dd700000, 0x0000000100000000)
  eden space 30720K, 0% used [0x00000000d9200000,0x00000000d9200000,0x00000000db000000)
  from space 4608K, 97% used [0x00000000db000000,0x00000000db45e678,0x00000000db480000)
  to   space 4608K, 0% used [0x00000000dd280000,0x00000000dd280000,0x00000000dd700000)
 ParOldGen       total 80896K, used 8K [0x000000008b600000, 0x0000000090500000, 0x00000000d9200000)
  object space 80896K, 0% used [0x000000008b600000,0x000000008b602000,0x0000000090500000)
 Metaspace       used 7667K, capacity 7824K, committed 7936K, reserved 1056768K
  class space    used 956K, capacity 1016K, committed 1024K, reserved 1048576K
}
Event: 1,902 GC heap before
{Heap before GC invocations=2 (full 0):
 PSYoungGen      total 35328K, used 35193K [0x00000000d9200000, 0x00000000dd700000, 0x0000000100000000)
  eden space 30720K, 100% used [0x00000000d9200000,0x00000000db000000,0x00000000db000000)
  from space 4608K, 97% used [0x00000000db000000,0x00000000db45e678,0x00000000db480000)
  to   space 4608K, 0% used [0x00000000dd280000,0x00000000dd280000,0x00000000dd700000)
 ParOldGen       total 80896K, used 8K [0x000000008b600000, 0x0000000090500000, 0x00000000d9200000)
  object space 80896K, 0% used [0x000000008b600000,0x000000008b602000,0x0000000090500000)
 Metaspace       used 11209K, capacity 11388K, committed 11520K, reserved 1058816K
  class space    used 1404K, capacity 1476K, committed 1536K, reserved 1048576K
Event: 1,920 GC heap after
Heap after GC invocations=2 (full 0):
 PSYoungGen      total 66048K, used 4602K [0x00000000d9200000, 0x00000000dd700000, 0x0000000100000000)
  eden space 61440K, 0% used [0x00000000d9200000,0x00000000d9200000,0x00000000dce00000)
  from space 4608K, 99% used [0x00000000dd280000,0x00000000dd6fe8f0,0x00000000dd700000)
  to   space 4608K, 0% used [0x00000000dce00000,0x00000000dce00000,0x00000000dd280000)
 ParOldGen       total 80896K, used 2035K [0x000000008b600000, 0x0000000090500000, 0x00000000d9200000)
  object space 80896K, 2% used [0x000000008b600000,0x000000008b7fcd60,0x0000000090500000)
 Metaspace       used 11209K, capacity 11388K, committed 11520K, reserved 1058816K
  class space    used 1404K, capacity 1476K, committed 1536K, reserved 1048576K
}

